
 line       object           ucode  source program

   1    (35    2    2)     main       proc 2 2 2
   2    (38    2    1)                sym 2 1 1
   3    (38    2    2)                sym 2 2 1
   4    (23          )                ldp
   5    (21    2    1)                lda 2 1
   6    (29   -1     )                call read
   7    (23          )                ldp
   8    (19    2    1)                lod 2 1
   9    (29   -2     )                call write
  10    (23          )                ldp
  11    (19    2    1)                lod 2 1
  12    (29   19     )                call factorial
  13    (24    2    2)                str 2 2
  14    (23          )                ldp
  15    (19    2    2)                lod 2 2
  16    (29   -2     )                call write
  17    (30          )                ret
  18    (36          )                end
  19    (35    2    2)     factorial  proc 2 2 3
  20    (38    2    1)                sym 2 1 1
  21    (19    2    1)                lod 2 1
  22    (20    1     )                ldc 1
  23    (17          )                eq
  24    (28   28     )                fjp $$0
  25    (20    1     )                ldc 1
  26    (31          )                retv
  27    (36          )                end
  28    (34          )     $$0        nop
  29    (23          )                ldp
  30    (19    2    1)                lod 2 1
  31    (20    1     )                ldc 1
  32    ( 7          )                sub
  33    (29   19     )                call factorial
  34    (19    2    1)                lod 2 1
  35    ( 8          )                mult
  36    (31          )                retv
  37    (36          )                end
  38    (37    0     )                bgn 0
  39    (23          )                ldp
  40    (29    1     )                call main
  41    (36          )                end



   ****    Result    ****


 10 3628800

   **********************




                 #### Statistics ####


    ****  Static Instruction Counts  ****


sub    =  1       mult   =  1       eq     =  1       lod    =  6       
ldc    =  3       lda    =  1       ldp    =  6       str    =  1       
fjp    =  1       call   =  6       ret    =  1       retv   =  2       
nop    =  1       proc   =  2       end    =  4       bgn    =  1       
sym    =  3       


  ****  Dynamic instruction counts  ****


sub    =  9         mult   =  9         eq     =  10        lod    =  31        
ldc    =  20        lda    =  1         ldp    =  14        str    =  1         
fjp    =  10        call   =  14        ret    =  1         retv   =  10        
nop    =  9         proc   =  11        end    =  1         bgn    =  1         
sym    =  12        

 Executable instruction count  =   141

 Total execution cycle         =   2325
